This is e-pTeX, Version 3.14159265-p3.6-141210-2.6 (utf8.euc) (TeX Live 2015/Debian) (preloaded format=platex 2018.1.10)  21 DEC 2018 10:12
entering extended mode
 restricted \write18 enabled.
 %&-line parsing enabled.
**report4.tex
(./report4.tex
pLaTeX2e <2006/11/10> (based on LaTeX2e <2016/02/01> patch level 0)
Babel <3.9n> and hyphenation patterns for 11 languages loaded.
(/usr/share/texlive/texmf-dist/tex/platex/base/jarticle.cls
Document Class: jarticle 2006/06/27 v1.6 Standard pLaTeX class
\c@@paper=\count81
(/usr/share/texlive/texmf-dist/tex/platex/base/jsize10.clo
File: jsize10.clo 2006/06/27 v1.6 Standard pLaTeX file (size option)
)
\c@part=\count82
\c@section=\count83
\c@subsection=\count84
\c@subsubsection=\count85
\c@paragraph=\count86
\c@subparagraph=\count87
\c@figure=\count88
\c@table=\count89
\abovecaptionskip=\skip41
\belowcaptionskip=\skip42
\symmincho=\mathgroup4
LaTeX Font Info:    Overwriting symbol font `mincho' in version `bold'
(Font)                  JY1/mc/m/n --> JY1/gt/m/n on input line 601.
\toclineskip=\dimen118
\@lnumwidth=\dimen119
\bibindent=\dimen120
\heisei=\count90
)
(/usr/share/texlive/texmf-dist/tex/latex/graphics/graphicx.sty
Package: graphicx 2014/10/28 v1.0g Enhanced LaTeX Graphics (DPC,SPQR)

(/usr/share/texlive/texmf-dist/tex/latex/graphics/keyval.sty
Package: keyval 2014/10/28 v1.15 key=value parser (DPC)
\KV@toks@=\toks15
)
(/usr/share/texlive/texmf-dist/tex/latex/graphics/graphics.sty
Package: graphics 2016/01/03 v1.0q Standard LaTeX Graphics (DPC,SPQR)

(/usr/share/texlive/texmf-dist/tex/latex/graphics/trig.sty
Package: trig 2016/01/03 v1.10 sin cos tan (DPC)
)
(/usr/share/texlive/texmf-dist/tex/latex/latexconfig/graphics.cfg
File: graphics.cfg 2010/04/23 v1.9 graphics configuration of TeX Live
)
Package graphics Info: Driver file: dvipdfmx.def on input line 95.

(/usr/share/texlive/texmf-dist/tex/latex/dvipdfmx-def/dvipdfmx.def
File: dvipdfmx.def 2015/11/04 v4.07 LaTeX color/graphics driver for dvipdfmx (T
eX Live/ChoF)

(/usr/share/texlive/texmf-dist/tex/generic/oberdiek/infwarerr.sty
Package: infwarerr 2010/04/08 v1.3 Providing info/warning/error messages (HO)
)
(/usr/share/texlive/texmf-dist/tex/generic/oberdiek/ltxcmds.sty
Package: ltxcmds 2011/11/09 v1.22 LaTeX kernel commands for general use (HO)
)))
\Gin@req@height=\dimen121
\Gin@req@width=\dimen122
)
(/usr/share/texlive/texmf-dist/tex/latex/here/here.sty)
(/usr/share/texlive/texmf-dist/tex/latex/float/float.sty
Package: float 2001/11/08 v1.3d Float enhancements (AL)
\c@float@type=\count91
\float@exts=\toks16
\float@box=\box41
\@float@everytoks=\toks17
\@floatcapt=\box42
)
(/usr/share/texlive/texmf-dist/tex/latex/listings/listings.sty
\lst@mode=\count92
\lst@gtempboxa=\box43
\lst@token=\toks18
\lst@length=\count93
\lst@currlwidth=\dimen123
\lst@column=\count94
\lst@pos=\count95
\lst@lostspace=\dimen124
\lst@width=\dimen125
\lst@newlines=\count96
\lst@lineno=\count97
\lst@maxwidth=\dimen126

(/usr/share/texlive/texmf-dist/tex/latex/listings/lstmisc.sty
File: lstmisc.sty 2015/06/04 1.6 (Carsten Heinz)
\c@lstnumber=\count98
\lst@skipnumbers=\count99
\lst@framebox=\box44
)
(/usr/share/texlive/texmf-dist/tex/latex/listings/listings.cfg
File: listings.cfg 2015/06/04 1.6 listings configuration
))
Package: listings 2015/06/04 1.6 (Carsten Heinz)
 (./report4.aux)
\openout1 = `report4.aux'.

LaTeX Font Info:    Checking defaults for OML/cmm/m/it on input line 6.
LaTeX Font Info:    ... okay on input line 6.
LaTeX Font Info:    Checking defaults for T1/cmr/m/n on input line 6.
LaTeX Font Info:    ... okay on input line 6.
LaTeX Font Info:    Checking defaults for OT1/cmr/m/n on input line 6.
LaTeX Font Info:    ... okay on input line 6.
LaTeX Font Info:    Checking defaults for OMS/cmsy/m/n on input line 6.
LaTeX Font Info:    ... okay on input line 6.
LaTeX Font Info:    Checking defaults for OMX/cmex/m/n on input line 6.
LaTeX Font Info:    ... okay on input line 6.
LaTeX Font Info:    Checking defaults for U/cmr/m/n on input line 6.
LaTeX Font Info:    ... okay on input line 6.
LaTeX Font Info:    Checking defaults for JY1/mc/m/n on input line 6.
LaTeX Font Info:    ... okay on input line 6.
LaTeX Font Info:    Checking defaults for JT1/mc/m/n on input line 6.
LaTeX Font Info:    ... okay on input line 6.
\c@lstlisting=\count100
LaTeX Font Info:    External font `cmex10' loaded for size
(Font)              <12> on input line 12.
LaTeX Font Info:    External font `cmex10' loaded for size
(Font)              <8> on input line 12.
LaTeX Font Info:    External font `cmex10' loaded for size
(Font)              <6> on input line 12.
 [1

]
LaTeX Font Info:    Font shape `JT1/mc/bx/n' in size <14.4> not available
(Font)              Font shape `JT1/gt/m/n' tried instead on input line 15.
LaTeX Font Info:    Font shape `JY1/mc/bx/n' in size <14.4> not available
(Font)              Font shape `JY1/gt/m/n' tried instead on input line 15.

Overfull \hbox (61.49661pt too wide) in paragraph at lines 73--73
[]  \OT1/cmtt/m/n/10 CHECK (mid > 0 and (type = 'VHS' or type = 'DVD' or type =
 'Blu-ray')));[] 
 []


Overfull \hbox (82.49643pt too wide) in paragraph at lines 73--73
[]  \OT1/cmtt/m/n/10 title TEXT, published_year INTEGER, length BLOB, publisher
 TEXT, genre TEXT,[] 
 []


Overfull \hbox (24.74693pt too wide) in paragraph at lines 73--73
[]  \OT1/cmtt/m/n/10 CHECK (published_year > 0 and (genre = 'movie' or genre = 
'drama'[] 
 []


Overfull \hbox (35.24684pt too wide) in paragraph at lines 73--73
[]           \OT1/cmtt/m/n/10 or genre = 'variety' or genre = 'anime' or genre 
= 'sport'[] 
 []

[2]
Overfull \hbox (134.99597pt too wide) in paragraph at lines 73--73
[]  \OT1/cmtt/m/n/10 CHECK (commute_method = 'walk' or commute_method = 'bicycl
e' or commute_method = 'bus'[] 
 []


Overfull \hbox (24.74693pt too wide) in paragraph at lines 73--73
[]           \OT1/cmtt/m/n/10 or commute_method = 'train' or commute_method = '
car'));[] 
 []


Overfull \hbox (176.9956pt too wide) in paragraph at lines 73--73
[]  \OT1/cmtt/m/n/10 mail TEXT, mid INTEGER, rental_fee INTEGER, rental_date BL
OB, return_date BLOB, finished TEXT,[] 
 []


Overfull \hbox (92.99634pt too wide) in paragraph at lines 73--73
[]  \OT1/cmtt/m/n/10 CHECK (mid > 0 and rental_fee > 0 and (finished = 'yes' or
 finished = 'no')));[] 
 []


Overfull \hbox (3.74712pt too wide) in paragraph at lines 73--73
[]  \OT1/cmtt/m/n/10 mid INTEGER, shopname TEXT, shopaddress TEXT, available TE
XT,[] 
 []


Overfull \hbox (3.74712pt too wide) in paragraph at lines 73--73
[]  \OT1/cmtt/m/n/10 CHECK (mid > 0 and (available = 'yes' or available = 'no')
));[] 
 []


Overfull \hbox (29.99689pt too wide) in paragraph at lines 73--73
[]  \OT1/cmtt/m/n/10 eid INTEGER, shopname TEXT, shopaddress TEXT, commute_meth
od TEXT,[] 
 []


Overfull \hbox (203.24538pt too wide) in paragraph at lines 73--73
[]  \OT1/cmtt/m/n/10 CHECK (eid > 0 and (commute_method = 'walk' or commute_met
hod = 'bicycle' or commute_method = 'bus'[] 
 []


Overfull \hbox (29.99689pt too wide) in paragraph at lines 73--73
[]           \OT1/cmtt/m/n/10 or commute_method = 'train' or commute_method = '
car')));[] 
 []


Overfull \hbox (50.9967pt too wide) in paragraph at lines 73--73
[]  \OT1/cmtt/m/n/10 eid INTEGER, shopname TEXT, shopaddress TEXT, good_point_o
f_shop TEXT,[] 
 []


Overfull \hbox (3.74712pt too wide) in paragraph at lines 73--73
[]  \OT1/cmtt/m/n/10 PRIMARY KEY (eid, shopname, shopaddress, good_point_of_sho
p),[] 
 []

LaTeX Font Info:    Font shape `JT1/mc/bx/n' in size <12> not available
(Font)              Font shape `JT1/gt/m/n' tried instead on input line 77.
LaTeX Font Info:    Font shape `JY1/mc/bx/n' in size <12> not available
(Font)              Font shape `JY1/gt/m/n' tried instead on input line 77.
[3]
Overfull \hbox (58.35448pt too wide) in paragraph at lines 142--142
[]\OT1/cmtt/m/n/10 INSERT INTO content VALUES(' \JY1/mc/m/n/10 サ ッ カ ー\OT1/
cmtt/m/n/10 ', 2018, '2 \JY1/mc/m/n/10 時間 \OT1/cmtt/m/n/10 00 \JY1/mc/m/n/10 
分\OT1/cmtt/m/n/10 ', 'A \JY1/mc/m/n/10 社\OT1/cmtt/m/n/10 ', 'sport');[] 
 []


Overfull \hbox (3.71948pt too wide) in paragraph at lines 142--142
[]\OT1/cmtt/m/n/10 INSERT INTO content VALUES(' \JY1/mc/m/n/10 アンパンマン\OT1
/cmtt/m/n/10 ', 2000, '1 \JY1/mc/m/n/10 時間 \OT1/cmtt/m/n/10 30 \JY1/mc/m/n/10
 分\OT1/cmtt/m/n/10 ', 'C
 []


Overfull \hbox (59.5023pt too wide) in paragraph at lines 142--142
[]\OT1/cmtt/m/n/10 INSERT INTO content VALUES(' \JY1/mc/m/n/10 半沢直樹\OT1/cmt
t/m/n/10 ', 2013, '3 \JY1/mc/m/n/10 時間 \OT1/cmtt/m/n/10 00 \JY1/mc/m/n/10 分\
OT1/cmtt/m/n/10 ', 'D \JY1/mc/m/n/10 社\OT1/cmtt/m/n/10 ', 'drama');[] 
 []


Overfull \hbox (66.38771pt too wide) in paragraph at lines 142--142
[]\OT1/cmtt/m/n/10 INSERT INTO content VALUES(' \JY1/mc/m/n/10 イ ッ テ \OT1/cm
tt/m/n/10 Q', 2015, '3 \JY1/mc/m/n/10 時間 \OT1/cmtt/m/n/10 00 \JY1/mc/m/n/10 
分\OT1/cmtt/m/n/10 ', 'E \JY1/mc/m/n/10 社\OT1/cmtt/m/n/10 ', 'variety');[] 
 []


Overfull \hbox (0.40285pt too wide) in paragraph at lines 142--142
[]\OT1/cmtt/m/n/10 INSERT INTO shop VALUES('B \JY1/mc/m/n/10 大学前店\OT1/cmtt/
m/n/10 ', 'B \JY1/mc/m/n/10 県 \OT1/cmtt/m/n/10 g \JY1/mc/m/n/10 市き町 \OT1/cm
tt/m/n/10 2 \JY1/mc/m/n/10 番地\OT1/cmtt/m/n/10 ', 10000);[] 
 []


Overfull \hbox (124.49606pt too wide) in paragraph at lines 142--142
[]\OT1/cmtt/m/n/10 INSERT INTO rent VALUES('yamada@example.jp', 1, 400, '2018/4
/10', '2018/4/12', 'yes');[] 
 []


Overfull \hbox (119.24611pt too wide) in paragraph at lines 142--142
[]\OT1/cmtt/m/n/10 INSERT INTO rent VALUES('saitou@example.jp', 2, 700, '2018/5
/6', '2018/5/13', 'yes');[] 
 []


Overfull \hbox (140.24593pt too wide) in paragraph at lines 142--142
[]\OT1/cmtt/m/n/10 INSERT INTO rent VALUES('takahashi@example.jp', 3, 380, '201
8/8/10', '2018/8/11', 'yes');[] 
 []

[4]
Overfull \hbox (140.24593pt too wide) in paragraph at lines 142--142
[]\OT1/cmtt/m/n/10 INSERT INTO rent VALUES('takahashi@example.jp', 4, 380, '201
8/8/10', '2018/8/11', 'yes');[] 
 []


Overfull \hbox (113.99615pt too wide) in paragraph at lines 142--142
[]\OT1/cmtt/m/n/10 INSERT INTO rent VALUES('isikawa@example.ne.jp', 5, 400, '20
18/12/18', '2018/12/20',[] 
 []


Overfull \hbox (4.2749pt too wide) in paragraph at lines 142--142
[]\OT1/cmtt/m/n/10 INSERT INTO duration VALUES('2018/12/18', '2 \JY1/mc/m/n/10 
日\OT1/cmtt/m/n/10 ', '2018/12/20');[] 
 []


Overfull \hbox (1.7806pt too wide) in paragraph at lines 142--142
[]\OT1/cmtt/m/n/10 INSERT INTO put VALUES(1, 'A \JY1/mc/m/n/10 駅前店\OT1/cmtt/
m/n/10 ', 'A \JY1/mc/m/n/10 県 \OT1/cmtt/m/n/10 a \JY1/mc/m/n/10 市あ町 \OT1/cm
tt/m/n/10 6 \JY1/mc/m/n/10 番地\OT1/cmtt/m/n/10 ', 'yes');[] 
 []


Overfull \hbox (10.90276pt too wide) in paragraph at lines 142--142
[]\OT1/cmtt/m/n/10 INSERT INTO put VALUES(2, 'A \JY1/mc/m/n/10 交差点店\OT1/cmt
t/m/n/10 ', 'A \JY1/mc/m/n/10 県 \OT1/cmtt/m/n/10 e \JY1/mc/m/n/10 市お町 \OT1/
cmtt/m/n/10 7 \JY1/mc/m/n/10 番地\OT1/cmtt/m/n/10 ', 'yes');[] 
 []


Overfull \hbox (10.90276pt too wide) in paragraph at lines 142--142
[]\OT1/cmtt/m/n/10 INSERT INTO put VALUES(3, 'A \JY1/mc/m/n/10 大学前店\OT1/cmt
t/m/n/10 ', 'C \JY1/mc/m/n/10 県 \OT1/cmtt/m/n/10 f \JY1/mc/m/n/10 市か町 \OT1/
cmtt/m/n/10 3 \JY1/mc/m/n/10 番地\OT1/cmtt/m/n/10 ', 'yes');[] 
 []


Overfull \hbox (10.90276pt too wide) in paragraph at lines 142--142
[]\OT1/cmtt/m/n/10 INSERT INTO put VALUES(4, 'B \JY1/mc/m/n/10 大学前店\OT1/cmt
t/m/n/10 ', 'B \JY1/mc/m/n/10 県 \OT1/cmtt/m/n/10 g \JY1/mc/m/n/10 市き町 \OT1/
cmtt/m/n/10 2 \JY1/mc/m/n/10 番地\OT1/cmtt/m/n/10 ', 'yes');[] 
 []


Overfull \hbox (26.65262pt too wide) in paragraph at lines 142--142
[]\OT1/cmtt/m/n/10 INSERT INTO work1 VALUES(1, 'B \JY1/mc/m/n/10 大学前店\OT1/c
mtt/m/n/10 ', 'B \JY1/mc/m/n/10 県 \OT1/cmtt/m/n/10 g \JY1/mc/m/n/10 市き町 \OT
1/cmtt/m/n/10 2 \JY1/mc/m/n/10 番地\OT1/cmtt/m/n/10 ', 'walk');[] 
 []


Overfull \hbox (31.90257pt too wide) in paragraph at lines 142--142
[]\OT1/cmtt/m/n/10 INSERT INTO work1 VALUES(2, 'A \JY1/mc/m/n/10 交差点店\OT1/c
mtt/m/n/10 ', 'A \JY1/mc/m/n/10 県 \OT1/cmtt/m/n/10 e \JY1/mc/m/n/10 市お町 \OT
1/cmtt/m/n/10 7 \JY1/mc/m/n/10 番地\OT1/cmtt/m/n/10 ', 'train');[] 
 []


Overfull \hbox (42.40248pt too wide) in paragraph at lines 142--142
[]\OT1/cmtt/m/n/10 INSERT INTO work1 VALUES(3, 'A \JY1/mc/m/n/10 大学前店\OT1/c
mtt/m/n/10 ', 'C \JY1/mc/m/n/10 県 \OT1/cmtt/m/n/10 f \JY1/mc/m/n/10 市か町 \OT
1/cmtt/m/n/10 3 \JY1/mc/m/n/10 番地\OT1/cmtt/m/n/10 ', 'bicycle');[] 
 []


Overfull \hbox (33.28032pt too wide) in paragraph at lines 142--142
[]\OT1/cmtt/m/n/10 INSERT INTO work1 VALUES(4, 'A \JY1/mc/m/n/10 駅前店\OT1/cmt
t/m/n/10 ', 'A \JY1/mc/m/n/10 県 \OT1/cmtt/m/n/10 a \JY1/mc/m/n/10 市あ町 \OT1/
cmtt/m/n/10 6 \JY1/mc/m/n/10 番地\OT1/cmtt/m/n/10 ', 'bicycle');[] 
 []


Overfull \hbox (12.2805pt too wide) in paragraph at lines 142--142
[]\OT1/cmtt/m/n/10 INSERT INTO work1 VALUES(5, 'B \JY1/mc/m/n/10 駅前店\OT1/cmt
t/m/n/10 ', 'B \JY1/mc/m/n/10 県 \OT1/cmtt/m/n/10 c \JY1/mc/m/n/10 市く町 \OT1/
cmtt/m/n/10 1 \JY1/mc/m/n/10 番地\OT1/cmtt/m/n/10 ', 'bus');[] 
 []


Overfull \hbox (21.40266pt too wide) in paragraph at lines 142--142
[]\OT1/cmtt/m/n/10 INSERT INTO work1 VALUES(3, 'A \JY1/mc/m/n/10 大学前店\OT1/c
mtt/m/n/10 ', 'C \JY1/mc/m/n/10 県 \OT1/cmtt/m/n/10 f \JY1/mc/m/n/10 市か町 \OT
1/cmtt/m/n/10 3 \JY1/mc/m/n/10 番地\OT1/cmtt/m/n/10 ', 'bus');[] 
 []

LaTeX Font Info:    Font shape `JT1/mc/bx/n' in size <10> not available
(Font)              Font shape `JT1/gt/m/n' tried instead on input line 146.
LaTeX Font Info:    Font shape `JY1/mc/bx/n' in size <10> not available
(Font)              Font shape `JY1/gt/m/n' tried instead on input line 146.
[5] [6] (./report4.aux) ) 
Here is how much of TeX's memory you used:
 2064 strings out of 494865
 28664 string characters out of 6179769
 88213 words of memory out of 5000000
 5512 multiletter control sequences out of 15000+600000
 13871 words of font info for 54 fonts, out of 8000000 for 9000
 264 hyphenation exceptions out of 8191
 27i,6n,32p,461b,314s stack positions out of 5000i,500n,10000p,200000b,80000s

Output written on report4.dvi (6 pages, 12644 bytes).
