This is e-pTeX, Version 3.14159265-p3.7.2-170924-2.6 (sjis) (TeX Live 2017/W32TeX) (preloaded format=platex 2017.12.7)  28 JAN 2019 12:23
entering extended mode
 restricted \write18 enabled.
 %&-line parsing enabled.
**./report_final.tex
(./report_final.tex
pLaTeX2e <2017/10/28>+3 (based on LaTeX2e <2017-04-15>)
Babel <3.15> and hyphenation patterns for 84 language(s) loaded.
(c:/w32tex/share/texmf-dist/tex/platex/base/jarticle.cls
Document Class: jarticle 2017/09/19 v1.7g Standard pLaTeX class
\c@@paper=\count82
(c:/w32tex/share/texmf-dist/tex/platex/base/jsize10.clo
File: jsize10.clo 2017/09/19 v1.7g Standard pLaTeX file (size option)
)
\c@part=\count83
\c@section=\count84
\c@subsection=\count85
\c@subsubsection=\count86
\c@paragraph=\count87
\c@subparagraph=\count88
\c@figure=\count89
\c@table=\count90
\abovecaptionskip=\skip41
\belowcaptionskip=\skip42
\symmincho=\mathgroup4
LaTeX Font Info:    Overwriting symbol font `mincho' in version `bold'
(Font)                  JY1/mc/m/n --> JY1/gt/m/n on input line 613.
\toclineskip=\dimen118
\@lnumwidth=\dimen119
\bibindent=\dimen120
\heisei=\count91
)
(c:/w32tex/share/texmf-dist/tex/latex/graphics/graphicx.sty
Package: graphicx 2017/06/01 v1.1a Enhanced LaTeX Graphics (DPC,SPQR)

(c:/w32tex/share/texmf-dist/tex/latex/graphics/keyval.sty
Package: keyval 2014/10/28 v1.15 key=value parser (DPC)
\KV@toks@=\toks15
)
(c:/w32tex/share/texmf-dist/tex/latex/graphics/graphics.sty
Package: graphics 2017/06/25 v1.2c Standard LaTeX Graphics (DPC,SPQR)

(c:/w32tex/share/texmf-dist/tex/latex/graphics/trig.sty
Package: trig 2016/01/03 v1.10 sin cos tan (DPC)
)
(c:/w32tex/share/texmf-dist/tex/latex/graphics-cfg/graphics.cfg
File: graphics.cfg 2016/06/04 v1.11 sample graphics configuration
)
Package graphics Info: Driver file: dvipdfmx.def on input line 99.

(c:/w32tex/share/texmf-dist/tex/latex/graphics-def/dvipdfmx.def
File: dvipdfmx.def 2017/06/24 v5.0g Graphics/color driver for dvipdfmx
))
\Gin@req@height=\dimen121
\Gin@req@width=\dimen122
)
(c:/w32tex/share/texmf-dist/tex/latex/here/here.sty)
(c:/w32tex/share/texmf-dist/tex/latex/float/float.sty
Package: float 2001/11/08 v1.3d Float enhancements (AL)
\c@float@type=\count92
\float@exts=\toks16
\float@box=\box42
\@float@everytoks=\toks17
\@floatcapt=\box43
)
(c:/w32tex/share/texmf-dist/tex/latex/listings/listings.sty
\lst@mode=\count93
\lst@gtempboxa=\box44
\lst@token=\toks18
\lst@length=\count94
\lst@currlwidth=\dimen123
\lst@column=\count95
\lst@pos=\count96
\lst@lostspace=\dimen124
\lst@width=\dimen125
\lst@newlines=\count97
\lst@lineno=\count98
\lst@maxwidth=\dimen126

(c:/w32tex/share/texmf-dist/tex/latex/listings/lstmisc.sty
File: lstmisc.sty 2015/06/04 1.6 (Carsten Heinz)
\c@lstnumber=\count99
\lst@skipnumbers=\count100
\lst@framebox=\box45
)
(c:/w32tex/share/texmf-dist/tex/latex/listings/listings.cfg
File: listings.cfg 2015/06/04 1.6 listings configuration
))
Package: listings 2015/06/04 1.6 (Carsten Heinz)

(./report_final.aux)
\openout1 = `report_final.aux'.

LaTeX Font Info:    Checking defaults for OML/cmm/m/it on input line 6.
LaTeX Font Info:    ... okay on input line 6.
LaTeX Font Info:    Checking defaults for T1/cmr/m/n on input line 6.
LaTeX Font Info:    ... okay on input line 6.
LaTeX Font Info:    Checking defaults for OT1/cmr/m/n on input line 6.
LaTeX Font Info:    ... okay on input line 6.
LaTeX Font Info:    Checking defaults for OMS/cmsy/m/n on input line 6.
LaTeX Font Info:    ... okay on input line 6.
LaTeX Font Info:    Checking defaults for OMX/cmex/m/n on input line 6.
LaTeX Font Info:    ... okay on input line 6.
LaTeX Font Info:    Checking defaults for U/cmr/m/n on input line 6.
LaTeX Font Info:    ... okay on input line 6.
LaTeX Font Info:    Checking defaults for JY1/mc/m/n on input line 6.
LaTeX Font Info:    ... okay on input line 6.
LaTeX Font Info:    Checking defaults for JT1/mc/m/n on input line 6.
LaTeX Font Info:    ... okay on input line 6.
\c@lstlisting=\count101
LaTeX Font Info:    External font `cmex10' loaded for size
(Font)              <12> on input line 12.
LaTeX Font Info:    External font `cmex10' loaded for size
(Font)              <8> on input line 12.
LaTeX Font Info:    External font `cmex10' loaded for size
(Font)              <6> on input line 12.
 [1

]
LaTeX Font Info:    Font shape `JT1/mc/bx/n' in size <14.4> not available
(Font)              Font shape `JT1/gt/m/n' tried instead on input line 15.
LaTeX Font Info:    Font shape `JY1/mc/bx/n' in size <14.4> not available
(Font)              Font shape `JY1/gt/m/n' tried instead on input line 15.
File: ER_final.png Graphic file (type bmp)
<ER_final.png>

Overfull \hbox (56.62738pt too wide) in paragraph at lines 21--22
 [] 
 []

LaTeX Font Info:    Font shape `JT1/mc/bx/n' in size <10> not available
(Font)              Font shape `JT1/gt/m/n' tried instead on input line 28.
LaTeX Font Info:    Font shape `JY1/mc/bx/n' in size <10> not available
(Font)              Font shape `JY1/gt/m/n' tried instead on input line 28.
[2]
LaTeX Font Info:    Try loading font information for OMS+cmr on input line 44.
 (c:/w32tex/share/texmf-dist/tex/latex/base/omscmr.fd
File: omscmr.fd 2014/09/29 v2.5h Standard LaTeX font definitions
)
LaTeX Font Info:    Font shape `OMS/cmr/m/n' in size <10> not available
(Font)              Font shape `OMS/cmsy/m/n' tried instead on input line 44.
LaTeX Font Info:    External font `cmex10' loaded for size
(Font)              <7> on input line 44.
LaTeX Font Info:    External font `cmex10' loaded for size
(Font)              <5> on input line 44.
 [3] [4]
Overfull \hbox (54.99692pt too wide) in paragraph at lines 128--128
 []\OT1/cmtt/m/n/10 mail                 mid rental_fee rental_date return_date
 finished[] 
 []


Overfull \hbox (54.99692pt too wide) in paragraph at lines 128--128
 []\OT1/cmtt/m/n/10 -------------------- --- ---------- ----------- -----------
 --------[] 
 []


Overfull \hbox (28.74715pt too wide) in paragraph at lines 128--128
 []\OT1/cmtt/m/n/10 yamada@example.jp    1   300        2019/01/04  2019/01/05 
 yes[] 
 []


Overfull \hbox (28.74715pt too wide) in paragraph at lines 128--128
 []\OT1/cmtt/m/n/10 takahashi@example.jp 2   300        2019/01/05  2019/01/06 
 yes[] 
 []


Overfull \hbox (28.74715pt too wide) in paragraph at lines 128--128
 []\OT1/cmtt/m/n/10 yoshida@example.jp   3   400        2019/01/06  2019/01/08 
 yes[] 
 []


Overfull \hbox (28.74715pt too wide) in paragraph at lines 128--128
 []\OT1/cmtt/m/n/10 baba@example.jp      4   400        2019/01/07  2019/01/09 
 yes[] 
 []


Overfull \hbox (28.74715pt too wide) in paragraph at lines 128--128
 []\OT1/cmtt/m/n/10 hotta@example.jp     5   500        2019/01/08  2019/01/11 
 yes[] 
 []

[5]
LaTeX Font Info:    Font shape `JT1/mc/bx/n' in size <12> not available
(Font)              Font shape `JT1/gt/m/n' tried instead on input line 182.
LaTeX Font Info:    Font shape `JY1/mc/bx/n' in size <12> not available
(Font)              Font shape `JY1/gt/m/n' tried instead on input line 182.
File: login.png Graphic file (type bmp)
<login.png>

Overfull \hbox (0.72437pt too wide) in paragraph at lines 185--186
 [] 
 []

[6]
File: search.png Graphic file (type bmp)
<search.png>

Overfull \hbox (42.37999pt too wide) in paragraph at lines 195--196
 [] 
 []

File: result_shop.png Graphic file (type bmp)
<result_shop.png>

Overfull \hbox (0.72437pt too wide) in paragraph at lines 202--203
 [] 
 []

[7] [8] [9]
File: result_media.png Graphic file (type bmp)
<result_media.png>

Overfull \hbox (0.72437pt too wide) in paragraph at lines 212--213
 [] 
 []

File: history.png Graphic file (type bmp)
<history.png>

Overfull \hbox (98.08812pt too wide) in paragraph at lines 222--223
 [] 
 []

File: add_user.png Graphic file (type bmp)
<add_user.png>

Overfull \hbox (42.37999pt too wide) in paragraph at lines 232--233
 [] 
 []

[10] [11]
File: rental.png Graphic file (type bmp)
<rental.png>

Overfull \hbox (56.93437pt too wide) in paragraph at lines 242--243
 [] 
 []

File: return.png Graphic file (type bmp)
<return.png>

Overfull \hbox (56.93437pt too wide) in paragraph at lines 249--250
 [] 
 []

[12] [13] [14]
File: add_clerk.png Graphic file (type bmp)
<add_clerk.png>

Overfull \hbox (56.93437pt too wide) in paragraph at lines 259--260
 [] 
 []

File: add_media.png Graphic file (type bmp)
<add_media.png>

Overfull \hbox (56.93437pt too wide) in paragraph at lines 269--270
 [] 
 []

File: add_shop.png Graphic file (type bmp)
<add_shop.png>

Overfull \hbox (56.93437pt too wide) in paragraph at lines 279--280
 [] 
 []

[15] [16]
File: delete_shop.png Graphic file (type bmp)
<delete_shop.png>

Overfull \hbox (56.93437pt too wide) in paragraph at lines 286--287
 [] 
 []

File: get_clerk.png Graphic file (type bmp)
<get_clerk.png>

Overfull \hbox (56.93437pt too wide) in paragraph at lines 296--297
 [] 
 []

File: remove_clerk.png Graphic file (type bmp)
<remove_clerk.png>

Overfull \hbox (56.93437pt too wide) in paragraph at lines 303--304
 [] 
 []

File: get_media.png Graphic file (type bmp)
<get_media.png>

Overfull \hbox (56.93437pt too wide) in paragraph at lines 313--314
 [] 
 []

[17] [18] [19] [20]
File: remove_media.png Graphic file (type bmp)
<remove_media.png>

Overfull \hbox (56.93437pt too wide) in paragraph at lines 320--321
 [] 
 []

[21] [22]
Overfull \hbox (113.99615pt too wide) in paragraph at lines 341--341
[]    \OT1/cmtt/m/n/10 DELETE FROM put WHERE shopname = old.shopname and shopad
dress = old.shopaddress;[] 
 []


Overfull \hbox (124.49606pt too wide) in paragraph at lines 341--341
[]    \OT1/cmtt/m/n/10 DELETE FROM work1 WHERE shopname = old.shopname and shop
address = old.shopaddress;[] 
 []


Overfull \hbox (124.49606pt too wide) in paragraph at lines 341--341
[]    \OT1/cmtt/m/n/10 DELETE FROM work2 WHERE shopname = old.shopname and shop
address = old.shopaddress;[] 
 []


Overfull \hbox (140.24593pt too wide) in paragraph at lines 341--341
[]    \OT1/cmtt/m/n/10 DELETE FROM clerk WHERE (SELECT count(*) FROM work1 WHER
E clerk.eid = work1.eid) = 0;[] 
 []

[23] (./report_final.aux) ) 
Here is how much of TeX's memory you used:
 2032 strings out of 493629
 28579 string characters out of 6150213
 95588 words of memory out of 5000000
 5619 multiletter control sequences out of 15000+600000
 13871 words of font info for 54 fonts, out of 8000000 for 9000
 929 hyphenation exceptions out of 8191
 26i,7n,32p,1168b,326s stack positions out of 5000i,500n,10000p,500000b,80000s

Output written on report_final.dvi (23 pages, 27356 bytes).
